<?xml version="1.0" encoding="utf-8"?><testsuites><testsuite name="pytest" errors="0" failures="11" skipped="0" tests="22" time="0.155" timestamp="2025-11-26T18:09:05.567026" hostname="Dev.local"><testcase classname="tests.test_subsystems.TestSubsystem" name="test_get_known_subsystems_returns_three_subsystems" time="0.001" /><testcase classname="tests.test_subsystems.TestSubsystem" name="test_defense_has_highest_priority" time="0.000" /><testcase classname="tests.test_subsystems.TestSubsystem" name="test_communication_has_medium_priority" time="0.000" /><testcase classname="tests.test_subsystems.TestSubsystem" name="test_collection_has_lowest_priority" time="0.000" /><testcase classname="tests.test_subsystems.TestSubsystem" name="test_get_by_name_case_insensitive" time="0.000" /><testcase classname="tests.test_subsystems.TestSubsystem" name="test_get_by_name_unknown_subsystem_returns_none" time="0.000" /><testcase classname="tests.test_subsystems.TestSubsystem" name="test_get_by_id_unknown_subsystem_returns_none" time="0.000" /><testcase classname="tests.test_subsystems.TestSubsystem" name="test_subsystem_priority_ordering" time="0.000"><failure message="AttributeError: type object 'Subsystem' has no attribute 'get_all_ordered_by_priority'">tests/test_subsystems.py:44: in test_subsystem_priority_ordering
    subsystems = Subsystem.get_all_ordered_by_priority()
E   AttributeError: type object 'Subsystem' has no attribute 'get_all_ordered_by_priority'</failure></testcase><testcase classname="tests.test_subsystems.TestSubsystem" name="test_subsystem_equality" time="0.000" /><testcase classname="tests.test_subsystems.TestSubsystem" name="test_subsystem_string_representation" time="0.001"><failure message="AssertionError: assert 'Subsystem(id...rity_level=1)' == 'Defense (Priority: 1)'&#10;  - Defense (Priority: 1)&#10;  + Subsystem(id=&lt;SubsystemType.DEFENSE: 'defense'&gt;, name='Defense', priority_level=1)">tests/test_subsystems.py:69: in test_subsystem_string_representation
    assert str(defense) == "Defense (Priority: 1)"
E   AssertionError: assert 'Subsystem(id...rity_level=1)' == 'Defense (Priority: 1)'
E     - Defense (Priority: 1)
E     + Subsystem(id=&lt;SubsystemType.DEFENSE: 'defense'&gt;, name='Defense', priority_level=1)</failure></testcase><testcase classname="tests.test_subsystems.TestSubsystem" name="test_subsystem_description_exists" time="0.000"><failure message="AttributeError: 'Subsystem' object has no attribute 'description'">tests/test_subsystems.py:78: in test_subsystem_description_exists
    assert subsystem.description is not None
E   AttributeError: 'Subsystem' object has no attribute 'description'</failure></testcase><testcase classname="tests.test_subsystems.TestSubsystem" name="test_get_subsystem_by_priority_level" time="0.000"><failure message="AttributeError: type object 'Subsystem' has no attribute 'get_by_priority'">tests/test_subsystems.py:82: in test_get_subsystem_by_priority_level
    highest_priority = Subsystem.get_by_priority(1)
E   AttributeError: type object 'Subsystem' has no attribute 'get_by_priority'</failure></testcase><testcase classname="tests.test_subsystems.TestSubsystem" name="test_subsystem_has_required_attributes" time="0.001"><failure message="AssertionError: assert False&#10; +  where False = hasattr(Subsystem(id=&lt;SubsystemType.DEFENSE: 'defense'&gt;, name='Defense', priority_level=1), 'description')">tests/test_subsystems.py:103: in test_subsystem_has_required_attributes
    assert hasattr(defense, 'description')
E   AssertionError: assert False
E    +  where False = hasattr(Subsystem(id=&lt;SubsystemType.DEFENSE: 'defense'&gt;, name='Defense', priority_level=1), 'description')</failure></testcase><testcase classname="tests.test_subsystems.TestSubsystem" name="test_subsystem_is_high_priority" time="0.000"><failure message="AttributeError: 'Subsystem' object has no attribute 'is_high_priority'">tests/test_subsystems.py:115: in test_subsystem_is_high_priority
    assert defense.is_high_priority() is True
E   AttributeError: 'Subsystem' object has no attribute 'is_high_priority'</failure></testcase><testcase classname="tests.test_subsystems.TestSubsystem" name="test_subsystem_enum_values_are_unique" time="0.000" /><testcase classname="tests.test_subsystems.TestSubsystem" name="test_all_subsystem_names_are_unique" time="0.000" /><testcase classname="tests.test_subsystems.TestSubsystem" name="test_get_subsystem_stats" time="0.000"><failure message="AttributeError: type object 'Subsystem' has no attribute 'get_subsystem_stats'">tests/test_subsystems.py:135: in test_get_subsystem_stats
    stats = Subsystem.get_subsystem_stats()
E   AttributeError: type object 'Subsystem' has no attribute 'get_subsystem_stats'</failure></testcase><testcase classname="tests.test_subsystems.TestSubsystem" name="test_subsystem_comparison_operators" time="0.000"><failure message="TypeError: '&lt;' not supported between instances of 'Subsystem' and 'Subsystem'">tests/test_subsystems.py:152: in test_subsystem_comparison_operators
    assert defense &lt; communication
E   TypeError: '&lt;' not supported between instances of 'Subsystem' and 'Subsystem'</failure></testcase><testcase classname="tests.test_subsystems.TestSubsystem" name="test_subsystem_hash_consistency" time="0.000"><failure message="TypeError: unhashable type: 'Subsystem'">tests/test_subsystems.py:166: in test_subsystem_hash_consistency
    assert hash(defense1) == hash(defense2)
E   TypeError: unhashable type: 'Subsystem'</failure></testcase><testcase classname="tests.test_subsystems.TestSubsystem" name="test_subsystem_get_by_partial_name" time="0.000"><failure message="AttributeError: type object 'Subsystem' has no attribute 'get_by_partial_name'">tests/test_subsystems.py:173: in test_subsystem_get_by_partial_name
    defense = Subsystem.get_by_partial_name("Def")
E   AttributeError: type object 'Subsystem' has no attribute 'get_by_partial_name'</failure></testcase><testcase classname="tests.test_subsystems.TestSubsystem" name="test_subsystem_type_conversion" time="0.000" /><testcase classname="tests.test_subsystems.TestSubsystem" name="test_get_subsystems_by_priority_range" time="0.000"><failure message="AttributeError: type object 'Subsystem' has no attribute 'get_by_priority_range'">tests/test_subsystems.py:200: in test_get_subsystems_by_priority_range
    high_priority = Subsystem.get_by_priority_range(1, 2)
E   AttributeError: type object 'Subsystem' has no attribute 'get_by_priority_range'</failure></testcase></testsuite></testsuites>