<?xml version="1.0" encoding="utf-8"?><testsuites><testsuite name="pytest" errors="0" failures="9" skipped="0" tests="15" time="1.188" timestamp="2025-11-26T18:09:22.273492" hostname="Dev.local"><testcase classname="tests.test_colony_extended.TestColonyEmergencyScenarios" name="test_emergency_mode_activation" time="0.001"><failure message="AttributeError: 'Colony' object has no attribute 'activate_emergency_mode'">tests/test_colony_extended.py:243: in test_emergency_mode_activation
    colony.activate_emergency_mode()
E   AttributeError: 'Colony' object has no attribute 'activate_emergency_mode'</failure></testcase><testcase classname="tests.test_colony_extended.TestColonyEmergencyScenarios" name="test_emergency_mode_deactivation" time="0.001"><failure message="AttributeError: 'Colony' object has no attribute 'activate_emergency_mode'">tests/test_colony_extended.py:249: in test_emergency_mode_deactivation
    colony.activate_emergency_mode()
E   AttributeError: 'Colony' object has no attribute 'activate_emergency_mode'</failure></testcase><testcase classname="tests.test_colony_extended.TestColonyEmergencyScenarios" name="test_emergency_request_with_no_ants_available" time="0.000" /><testcase classname="tests.test_colony_extended.TestColonyEmergencyScenarios" name="test_emergency_cascade_scenario" time="0.001"><failure message="AttributeError: 'str' object has no attribute 'state'">tests/test_colony_extended.py:276: in test_emergency_cascade_scenario
    if ant.state == AntState.ASSIGNED:
E   AttributeError: 'str' object has no attribute 'state'</failure></testcase><testcase classname="tests.test_colony_extended.TestColonyEmergencyScenarios" name="test_emergency_with_mixed_ant_states" time="0.001"><failure message="assert 1 == 2&#10; +  where 1 = len([&lt;src.ant.Ant object at 0x11118c170&gt;])">tests/test_colony_extended.py:302: in test_emergency_with_mixed_ant_states
    assert len(emergency_ants) == 2
E   assert 1 == 2
E    +  where 1 = len([&lt;src.ant.Ant object at 0x11118c170&gt;])</failure></testcase><testcase classname="tests.test_colony_extended.TestColonyEmergencyScenarios" name="test_emergency_request_invalid_subsystem" time="0.001"><failure message="assert 1 == 0&#10; +  where 1 = len([&lt;src.ant.Ant object at 0x11115bd10&gt;])">tests/test_colony_extended.py:314: in test_emergency_request_invalid_subsystem
    assert len(emergency_ants) == 0
E   assert 1 == 0
E    +  where 1 = len([&lt;src.ant.Ant object at 0x11115bd10&gt;])</failure></testcase><testcase classname="tests.test_colony_extended.TestColonyEmergencyScenarios" name="test_emergency_partial_fulfillment" time="0.001" /><testcase classname="tests.test_colony_extended.TestColonyEmergencyScenarios" name="test_emergency_with_dead_ants" time="1.002" /><testcase classname="tests.test_colony_extended.TestColonyEmergencyScenarios" name="test_emergency_priority_preservation" time="0.000" /><testcase classname="tests.test_colony_extended.TestColonyEmergencyScenarios" name="test_emergency_mode_affects_new_ant_creation" time="0.001"><failure message="AttributeError: 'Colony' object has no attribute 'activate_emergency_mode'">tests/test_colony_extended.py:371: in test_emergency_mode_affects_new_ant_creation
    colony.activate_emergency_mode()
E   AttributeError: 'Colony' object has no attribute 'activate_emergency_mode'</failure></testcase><testcase classname="tests.test_colony_extended.TestColonyEmergencyScenarios" name="test_simultaneous_emergency_requests" time="0.001" /><testcase classname="tests.test_colony_extended.TestColonyEmergencyScenarios" name="test_emergency_with_max_wait_timeout" time="0.000" /><testcase classname="tests.test_colony_extended.TestColonyEmergencyScenarios" name="test_emergency_reassignment_tracking" time="0.001"><failure message="AssertionError: assert &lt;SubsystemType.COLLECTION: 'collection'&gt; == &lt;SubsystemType.DEFENSE: 'defense'&gt;&#10; +  where &lt;SubsystemType.COLLECTION: 'collection'&gt; = &lt;src.ant.Ant object at 0x11118c230&gt;.assigned_to&#10; +  and   &lt;SubsystemType.DEFENSE: 'defense'&gt; = SubsystemType.DEFENSE">tests/test_colony_extended.py:431: in test_emergency_reassignment_tracking
    assert reassigned_ant.assigned_to == SubsystemType.DEFENSE
E   AssertionError: assert &lt;SubsystemType.COLLECTION: 'collection'&gt; == &lt;SubsystemType.DEFENSE: 'defense'&gt;
E    +  where &lt;SubsystemType.COLLECTION: 'collection'&gt; = &lt;src.ant.Ant object at 0x11118c230&gt;.assigned_to
E    +  and   &lt;SubsystemType.DEFENSE: 'defense'&gt; = SubsystemType.DEFENSE</failure></testcase><testcase classname="tests.test_colony_extended.TestColonyEmergencyScenarios" name="test_emergency_food_conservation" time="0.000"><failure message="AttributeError: 'Colony' object has no attribute 'activate_emergency_mode'">tests/test_colony_extended.py:438: in test_emergency_food_conservation
    colony.activate_emergency_mode()
E   AttributeError: 'Colony' object has no attribute 'activate_emergency_mode'</failure></testcase><testcase classname="tests.test_colony_extended.TestColonyEmergencyScenarios" name="test_emergency_clear_after_resolution" time="0.000"><failure message="AttributeError: 'Colony' object has no attribute 'activate_emergency_mode'">tests/test_colony_extended.py:458: in test_emergency_clear_after_resolution
    colony.activate_emergency_mode()
E   AttributeError: 'Colony' object has no attribute 'activate_emergency_mode'</failure></testcase></testsuite></testsuites>